<?xml version="1.0" encoding="UTF-8"?>
<!-- Generated by org.testng.reporters.JUnitReportReporter -->
<testsuite hostname="DESKTOP-N2O8J3T" failures="0" tests="1" name="com.artium.qa.pages.LoginPage" time="25.278" errors="0" timestamp="2024-10-10T14:47:27 IST" skipped="0">
  <testcase classname="com.artium.qa.pages.LoginPage" name="setUp" time="25.278"/>
  <system-out/>
</testsuite> <!-- com.artium.qa.pages.LoginPage -->
