<?xml version="1.0" encoding="UTF-8"?>
<!-- Generated by org.testng.reporters.JUnitReportReporter -->
<testsuite hostname="DESKTOP-N2O8J3T" failures="0" tests="1" name="com.artium.qa.tests.LoginPageTest" time="23.878" errors="0" timestamp="2024-10-18T17:37:58 IST" skipped="0">
  <testcase classname="com.artium.qa.tests.LoginPageTest" name="setUp" time="23.878"/>
  <system-out/>
</testsuite> <!-- com.artium.qa.tests.LoginPageTest -->
