<?xml version="1.0" encoding="UTF-8"?>
<!-- Generated by org.testng.reporters.JUnitReportReporter -->
<testsuite hostname="DESKTOP-N2O8J3T" failures="0" tests="1" name="com.artium.qa.tests.LoginPage" time="20.354" errors="0" timestamp="2024-10-21T13:38:05 IST" skipped="0">
  <testcase classname="com.artium.qa.tests.LoginPage" name="setUp" time="20.354"/>
  <system-out/>
</testsuite> <!-- com.artium.qa.tests.LoginPage -->
